<?xml version="1.0" encoding="UTF-8"?>
<!-- Generated by org.testng.reporters.JUnitReportReporter -->
<testsuite hostname="DESKTOP-6RDAJ8O" failures="0" tests="2" name="CompanySecretoryTest.Committee" time="145.085" errors="0" timestamp="2023-04-03T13:17:09 IST" skipped="0">
  <testcase classname="CompanySecretoryTest.Committee" name="Login" time="8.844"/>
  <system-out/>
  <testcase classname="CompanySecretoryTest.Committee" name="CommitteeMaster" time="136.241"/>
  <system-out/>
</testsuite> <!-- CompanySecretoryTest.Committee -->
