<?xml version="1.0" encoding="UTF-8"?>
<!-- Generated by org.testng.reporters.JUnitReportReporter -->
<testsuite hostname="DESKTOP-7MK4EF7" failures="0" tests="1" name="secretrialTestCase.MyReportsTest" time="78.509" errors="0" timestamp="2023-09-11T13:21:22 IST" skipped="0">
  <testcase classname="secretrialTestCase.MyReportsTest" name="UploadMSME" time="78.509"/>
  <system-out/>
</testsuite> <!-- secretrialTestCase.MyReportsTest -->
