<?xml version="1.0" encoding="UTF-8"?>
<!-- Generated by org.testng.reporters.JUnitReportReporter -->
<testsuite hostname="DESKTOP-LP" failures="0" tests="2" name="CompanySecretoryTest.MyWorkspaceTestCases" time="77.959" errors="0" timestamp="2023-07-27T18:48:09 IST" skipped="0">
  <testcase classname="CompanySecretoryTest.MyWorkspaceTestCases" name="ClearBtn" time="46.530"/>
  <system-out/>
  <testcase classname="CompanySecretoryTest.MyWorkspaceTestCases" name="MyMeeting" time="31.429"/>
  <system-out/>
</testsuite> <!-- CompanySecretoryTest.MyWorkspaceTestCases -->
