<?xml version="1.0" encoding="UTF-8"?>
<!-- Generated by org.testng.reporters.JUnitReportReporter -->
<testsuite hostname="DESKTOP-LP" failures="0" tests="1" name="CompanySecretoryTest.ConfigurationTestCases" time="43.768" errors="0" timestamp="2023-10-16T17:40:46 IST" skipped="0">
  <testcase classname="CompanySecretoryTest.ConfigurationTestCases" name="WithoutEnterDataFontConfiguration" time="43.768"/>
  <system-out/>
</testsuite> <!-- CompanySecretoryTest.ConfigurationTestCases -->
