<?xml version="1.0" encoding="UTF-8"?>
<!-- Generated by org.testng.reporters.JUnitReportReporter -->
<testsuite hostname="DESKTOP-7MK4EF7" failures="0" tests="1" name="secretrialTestCase.LegalUpdatesTest" time="50.338" errors="0" timestamp="2023-10-23T11:10:18 IST" skipped="0">
  <testcase classname="secretrialTestCase.LegalUpdatesTest" name="MYFORMS" time="50.338"/>
  <system-out/>
</testsuite> <!-- secretrialTestCase.LegalUpdatesTest -->
