<?xml version="1.0" encoding="UTF-8"?>
<!-- Generated by org.testng.reporters.JUnitReportReporter -->
<testsuite hostname="DESKTOP-LP" failures="0" tests="2" name="CompanySecretoryTest.MyWorkspaceTestCases" time="107.710" errors="0" timestamp="2023-07-28T16:54:51 IST" skipped="0">
  <testcase classname="CompanySecretoryTest.MyWorkspaceTestCases" name="NewEMeeting" time="48.221"/>
  <system-out/>
  <testcase classname="CompanySecretoryTest.MyWorkspaceTestCases" name="CircularMeeting" time="59.489"/>
  <system-out/>
</testsuite> <!-- CompanySecretoryTest.MyWorkspaceTestCases -->
