<?xml version="1.0" encoding="UTF-8"?>
<!-- Generated by org.testng.reporters.JUnitReportReporter -->
<testsuite hostname="TRPL-PUN-0115" failures="0" tests="1" name="CompanySecretoryTest.MyWorkspaceTestCases" time="34.469" errors="0" timestamp="2025-05-14T11:22:14 IST" skipped="0">
  <testcase classname="CompanySecretoryTest.MyWorkspaceTestCases" name="AgendaVersion" time="34.469"/>
</testsuite> <!-- CompanySecretoryTest.MyWorkspaceTestCases -->
