<?xml version="1.0" encoding="UTF-8"?>
<!-- Generated by org.testng.reporters.JUnitReportReporter -->
<testsuite hostname="TRPL-PUN-0125" failures="0" tests="1" name="secretrialTestCase.DirectorTest" time="383.788" errors="0" timestamp="2025-05-12T15:34:27 IST" skipped="0">
  <testcase classname="secretrialTestCase.DirectorTest" name="DirectorAddNew" time="383.788"/>
</testsuite> <!-- secretrialTestCase.DirectorTest -->
