<?xml version="1.0" encoding="UTF-8"?>
<!-- Generated by org.testng.reporters.JUnitReportReporter -->
<testsuite hostname="DESKTOP-7MK4EF7" failures="0" tests="2" name="secretrialTestCase.MyReportsTest" time="96.591" errors="0" timestamp="2023-10-27T13:03:55 IST" skipped="0">
  <testcase classname="secretrialTestCase.MyReportsTest" name="CompanyAllClickReg" time="40.880"/>
  <system-out/>
  <testcase classname="secretrialTestCase.MyReportsTest" name="CompanyAllFilterReg" time="55.711"/>
  <system-out/>
</testsuite> <!-- secretrialTestCase.MyReportsTest -->
