<?xml version="1.0" encoding="UTF-8"?>
<!-- Generated by org.testng.reporters.JUnitReportReporter -->
<testsuite hostname="TRPL-PUN-0125" failures="0" tests="1" name="secretrialTestCase.Dashboard" time="254.472" errors="0" timestamp="2025-05-28T15:49:00 IST" skipped="0">
  <testcase classname="secretrialTestCase.Dashboard" name="ShareholdingCategory" time="254.472"/>
</testsuite> <!-- secretrialTestCase.Dashboard -->
