<?xml version="1.0" encoding="UTF-8"?>
<!-- Generated by org.testng.reporters.JUnitReportReporter -->
<testsuite hostname="DESKTOP-7MK4EF7" failures="0" tests="1" name="secretrialTestCase.MyReportsTest" time="87.396" errors="0" timestamp="2023-09-21T11:30:05 IST" skipped="0">
  <testcase classname="secretrialTestCase.MyReportsTest" name="DeleteID" time="87.396"/>
  <system-out/>
</testsuite> <!-- secretrialTestCase.MyReportsTest -->
