<?xml version="1.0" encoding="UTF-8"?>
<!-- Generated by org.testng.reporters.JUnitReportReporter -->
<testsuite hostname="DESKTOP-6RDAJ8O" failures="0" tests="2" name="CommitteTest.Committee" time="108.080" errors="0" timestamp="2023-04-03T11:38:20 IST" skipped="0">
  <testcase classname="CommitteTest.Committee" name="Login" time="9.029"/>
  <system-out/>
  <testcase classname="CommitteTest.Committee" name="CommitteeMaster" time="99.051"/>
  <system-out/>
</testsuite> <!-- CommitteTest.Committee -->
