<?xml version="1.0" encoding="UTF-8"?>
<!-- Generated by org.testng.reporters.JUnitReportReporter -->
<testsuite hostname="DESKTOP-LP" failures="0" tests="1" name="CompanySecretoryTest.MyDocumentTestCases" time="36.291" errors="0" timestamp="2023-10-10T16:09:17 IST" skipped="0">
  <testcase classname="CompanySecretoryTest.MyDocumentTestCases" name="EFormClearBtn" time="36.291"/>
  <system-out/>
</testsuite> <!-- CompanySecretoryTest.MyDocumentTestCases -->
