<?xml version="1.0" encoding="UTF-8"?>
<!-- Generated by org.testng.reporters.JUnitReportReporter -->
<testsuite hostname="TRPL-PUN-0113" failures="0" tests="1" name="CompanySecretoryTest.EntityTestCase1" time="69.007" errors="0" timestamp="2025-05-29T09:57:01 IST" skipped="0">
  <testcase classname="CompanySecretoryTest.EntityTestCase1" name="SRSH2Upload" time="69.007"/>
</testsuite> <!-- CompanySecretoryTest.EntityTestCase1 -->
