<?xml version="1.0" encoding="UTF-8"?>
<!-- Generated by org.testng.reporters.JUnitReportReporter -->
<testsuite hostname="DESKTOP-LP" failures="0" tests="3" name="CompanySecretoryTest.MyWorkspaceTestCases" time="120.061" errors="0" timestamp="2023-11-20T13:54:13 IST" skipped="0">
  <testcase classname="CompanySecretoryTest.MyWorkspaceTestCases" name="DownloadAgenda" time="46.758"/>
  <system-out/>
  <testcase classname="CompanySecretoryTest.MyWorkspaceTestCases" name="PreviewAgenda" time="37.630"/>
  <system-out/>
  <testcase classname="CompanySecretoryTest.MyWorkspaceTestCases" name="AgendaVersion" time="35.673"/>
  <system-out/>
</testsuite> <!-- CompanySecretoryTest.MyWorkspaceTestCases -->
