<?xml version="1.0" encoding="UTF-8"?>
<!-- Generated by org.testng.reporters.JUnitReportReporter -->
<testsuite hostname="DESKTOP-LP" failures="0" tests="1" name="CompanySecretoryTest.MyWorkspaceTestCases" time="39.584" errors="0" timestamp="2023-11-01T16:39:17 IST" skipped="0">
  <testcase classname="CompanySecretoryTest.MyWorkspaceTestCases" name="NewAgenda" time="39.584"/>
  <system-out/>
</testsuite> <!-- CompanySecretoryTest.MyWorkspaceTestCases -->
