<?xml version="1.0" encoding="UTF-8"?>
<!-- Generated by org.testng.reporters.JUnitReportReporter -->
<testsuite hostname="TRPL-PUN-0115" failures="0" tests="1" name="CompanySecretoryTest.MyDocumentTestCases" time="25.273" errors="0" timestamp="2025-05-16T15:23:42 IST" skipped="0">
  <testcase classname="CompanySecretoryTest.MyDocumentTestCases" name="ComplianceDocTypeFilter" time="25.273"/>
</testsuite> <!-- CompanySecretoryTest.MyDocumentTestCases -->
