<?xml version="1.0" encoding="UTF-8"?>
<!-- Generated by org.testng.reporters.JUnitReportReporter -->
<testsuite hostname="DESKTOP-7MK4EF7" failures="0" tests="4" name="secretrialTestCase.MyReportsTest" time="207.322" errors="0" timestamp="2023-10-30T11:29:28 IST" skipped="0">
  <testcase classname="secretrialTestCase.MyReportsTest" name="DirectorAllClickIn" time="45.552"/>
  <system-out/>
  <testcase classname="secretrialTestCase.MyReportsTest" name="DirectorAllFilterIn" time="62.924"/>
  <system-out/>
  <testcase classname="secretrialTestCase.MyReportsTest" name="FinancialYearAllIn" time="40.326"/>
  <system-out/>
  <testcase classname="secretrialTestCase.MyReportsTest" name="FinancialYearAllFilterIn" time="58.520"/>
  <system-out/>
</testsuite> <!-- secretrialTestCase.MyReportsTest -->
