<?xml version="1.0" encoding="UTF-8"?>
<!-- Generated by org.testng.reporters.JUnitReportReporter -->
<testsuite hostname="DESKTOP-LP" failures="0" tests="1" name="CompanySecretoryTest.MyWorkspaceTestCases" time="47.065" errors="0" timestamp="2023-11-09T16:03:22 IST" skipped="0">
  <testcase classname="CompanySecretoryTest.MyWorkspaceTestCases" name="CopyMeeting" time="47.065"/>
  <system-out/>
</testsuite> <!-- CompanySecretoryTest.MyWorkspaceTestCases -->
