<?xml version="1.0" encoding="UTF-8"?>
<!-- Generated by org.testng.reporters.JUnitReportReporter -->
<testsuite hostname="DESKTOP-LP" failures="0" tests="51" name="CompanySecretoryTest.EntityTestCases" time="1567.182" errors="3" timestamp="2023-07-26T18:54:57 IST" skipped="34">
  <testcase classname="CompanySecretoryTest.EntityTestCases" name="Login" time="339.531">
    <error message="timeout: Timed out receiving message from renderer: 300.000
  (Session info: chrome=115.0.5790.110)
Build info: version: &#039;3.141.0&#039;, revision: &#039;2ecb7d9a&#039;, time: &#039;2018-10-31T20:09:30&#039;
System info: host: &#039;DESKTOP-LP&#039;, ip: &#039;172.29.144.1&#039;, os.name: &#039;Windows 10&#039;, os.arch: &#039;amd64&#039;, os.version: &#039;10.0&#039;, java.version: &#039;20&#039;
Driver info: org.openqa.selenium.chrome.ChromeDriver
Capabilities {acceptInsecureCerts: false, browserName: chrome, browserVersion: 115.0.5790.110, chrome: {chromedriverVersion: 114.0.5735.90 (386bc09e8f4f..., userDataDir: C:\Users\SNEHAL~1\AppData\L...}, goog:chromeOptions: {debuggerAddress: localhost:59113}, javascriptEnabled: true, networkConnectionEnabled: false, pageLoadStrategy: normal, platform: WINDOWS, platformName: WINDOWS, proxy: Proxy(), setWindowRect: true, strictFileInteractability: false, timeouts: {implicit: 0, pageLoad: 300000, script: 30000}, unhandledPromptBehavior: dismiss and notify, webauthn:extension:credBlob: true, webauthn:extension:largeBlob: true, webauthn:extension:minPinLength: true, webauthn:extension:prf: true, webauthn:virtualAuthenticators: true}
Session ID: 17330e434403bc33f806470acc45fcda
*** Element info: {Using=xpath, value=//span[@id=&#039;lblQuestion1&#039;]}" type="org.openqa.selenium.TimeoutException">
      <![CDATA[org.openqa.selenium.TimeoutException: timeout: Timed out receiving message from renderer: 300.000
  (Session info: chrome=115.0.5790.110)
Build info: version: '3.141.0', revision: '2ecb7d9a', time: '2018-10-31T20:09:30'
System info: host: 'DESKTOP-LP', ip: '172.29.144.1', os.name: 'Windows 10', os.arch: 'amd64', os.version: '10.0', java.version: '20'
Driver info: org.openqa.selenium.chrome.ChromeDriver
Capabilities {acceptInsecureCerts: false, browserName: chrome, browserVersion: 115.0.5790.110, chrome: {chromedriverVersion: 114.0.5735.90 (386bc09e8f4f..., userDataDir: C:\Users\SNEHAL~1\AppData\L...}, goog:chromeOptions: {debuggerAddress: localhost:59113}, javascriptEnabled: true, networkConnectionEnabled: false, pageLoadStrategy: normal, platform: WINDOWS, platformName: WINDOWS, proxy: Proxy(), setWindowRect: true, strictFileInteractability: false, timeouts: {implicit: 0, pageLoad: 300000, script: 30000}, unhandledPromptBehavior: dismiss and notify, webauthn:extension:credBlob: true, webauthn:extension:largeBlob: true, webauthn:extension:minPinLength: true, webauthn:extension:prf: true, webauthn:virtualAuthenticators: true}
Session ID: 17330e434403bc33f806470acc45fcda
*** Element info: {Using=xpath, value=//span[@id='lblQuestion1']}
at java.base/jdk.internal.reflect.DirectConstructorHandleAccessor.newInstance(DirectConstructorHandleAccessor.java:67)
at java.base/java.lang.reflect.Constructor.newInstanceWithCaller(Constructor.java:500)
at java.base/java.lang.reflect.Constructor.newInstance(Constructor.java:484)
at org.openqa.selenium.remote.http.W3CHttpResponseCodec.createException(W3CHttpResponseCodec.java:187)
at org.openqa.selenium.remote.http.W3CHttpResponseCodec.decode(W3CHttpResponseCodec.java:122)
at org.openqa.selenium.remote.http.W3CHttpResponseCodec.decode(W3CHttpResponseCodec.java:49)
at org.openqa.selenium.remote.HttpCommandExecutor.execute(HttpCommandExecutor.java:158)
at org.openqa.selenium.remote.service.DriverCommandExecutor.execute(DriverCommandExecutor.java:83)
at org.openqa.selenium.remote.RemoteWebDriver.execute(RemoteWebDriver.java:552)
at org.openqa.selenium.remote.RemoteWebDriver.findElement(RemoteWebDriver.java:323)
at org.openqa.selenium.remote.RemoteWebDriver.findElementByXPath(RemoteWebDriver.java:428)
at org.openqa.selenium.By$ByXPath.findElement(By.java:353)
at org.openqa.selenium.remote.RemoteWebDriver.findElement(RemoteWebDriver.java:315)
at login.LoginPOM.Question1(LoginPOM.java:57)
at login.Login.UserLogin(Login.java:106)
at CompanySecretoryTest.EntityTestCases.Login(EntityTestCases.java:79)
at java.base/jdk.internal.reflect.DirectMethodHandleAccessor.invoke(DirectMethodHandleAccessor.java:104)
at java.base/java.lang.reflect.Method.invoke(Method.java:578)
at org.testng.internal.invokers.MethodInvocationHelper.invokeMethod(MethodInvocationHelper.java:139)
at org.testng.internal.invokers.MethodInvocationHelper.invokeMethodConsideringTimeout(MethodInvocationHelper.java:69)
at org.testng.internal.invokers.ConfigInvoker.invokeConfigurationMethod(ConfigInvoker.java:361)
at org.testng.internal.invokers.ConfigInvoker.invokeConfigurations(ConfigInvoker.java:296)
at org.testng.internal.invokers.TestInvoker.runConfigMethods(TestInvoker.java:816)
at org.testng.internal.invokers.TestInvoker.invokeMethod(TestInvoker.java:590)
at org.testng.internal.invokers.TestInvoker.invokeTestMethod(TestInvoker.java:221)
at org.testng.internal.invokers.MethodRunner.runInSequence(MethodRunner.java:50)
at org.testng.internal.invokers.TestInvoker$MethodInvocationAgent.invoke(TestInvoker.java:962)
at org.testng.internal.invokers.TestInvoker.invokeTestMethods(TestInvoker.java:194)
at org.testng.internal.invokers.TestMethodWorker.invokeTestMethods(TestMethodWorker.java:148)
at org.testng.internal.invokers.TestMethodWorker.run(TestMethodWorker.java:128)
at java.base/java.util.ArrayList.forEach(ArrayList.java:1511)
at org.testng.TestRunner.privateRun(TestRunner.java:806)
at org.testng.TestRunner.run(TestRunner.java:601)
at org.testng.SuiteRunner.runTest(SuiteRunner.java:433)
at org.testng.SuiteRunner.runSequentially(SuiteRunner.java:427)
at org.testng.SuiteRunner.privateRun(SuiteRunner.java:387)
at org.testng.SuiteRunner.run(SuiteRunner.java:330)
at org.testng.SuiteRunnerWorker.runSuite(SuiteRunnerWorker.java:52)
at org.testng.SuiteRunnerWorker.run(SuiteRunnerWorker.java:95)
at org.testng.TestNG.runSuitesSequentially(TestNG.java:1256)
at org.testng.TestNG.runSuitesLocally(TestNG.java:1176)
at org.testng.TestNG.runSuites(TestNG.java:1099)
at org.testng.TestNG.run(TestNG.java:1067)
at org.testng.remote.AbstractRemoteTestNG.run(AbstractRemoteTestNG.java:115)
at org.testng.remote.RemoteTestNG.initAndRun(RemoteTestNG.java:251)
at org.testng.remote.RemoteTestNG.main(RemoteTestNG.java:77)
]]>
    </error>
  </testcase> <!-- Login -->
  <system-out/>
  <testcase classname="CompanySecretoryTest.EntityTestCases" name="ClickShareHoldingOption" time="40.438"/>
  <system-out/>
  <testcase classname="CompanySecretoryTest.EntityTestCases" name="AddShareHolding" time="114.036"/>
  <system-out/>
  <testcase classname="CompanySecretoryTest.EntityTestCases" name="ClickShareHoldingDeatils" time="51.348"/>
  <system-out/>
  <testcase classname="CompanySecretoryTest.EntityTestCases" name="AddShareHoldingDetailes" time="99.622">
    <error message="element not interactable
  (Session info: chrome=115.0.5790.110)
Build info: version: &#039;3.141.0&#039;, revision: &#039;2ecb7d9a&#039;, time: &#039;2018-10-31T20:09:30&#039;
System info: host: &#039;DESKTOP-LP&#039;, ip: &#039;172.29.144.1&#039;, os.name: &#039;Windows 10&#039;, os.arch: &#039;amd64&#039;, os.version: &#039;10.0&#039;, java.version: &#039;20&#039;
Driver info: org.openqa.selenium.chrome.ChromeDriver
Capabilities {acceptInsecureCerts: false, browserName: chrome, browserVersion: 115.0.5790.110, chrome: {chromedriverVersion: 114.0.5735.90 (386bc09e8f4f..., userDataDir: C:\Users\SNEHAL~1\AppData\L...}, goog:chromeOptions: {debuggerAddress: localhost:57803}, javascriptEnabled: true, networkConnectionEnabled: false, pageLoadStrategy: normal, platform: WINDOWS, platformName: WINDOWS, proxy: Proxy(), setWindowRect: true, strictFileInteractability: false, timeouts: {implicit: 0, pageLoad: 300000, script: 30000}, unhandledPromptBehavior: dismiss and notify, webauthn:extension:credBlob: true, webauthn:extension:largeBlob: true, webauthn:extension:minPinLength: true, webauthn:extension:prf: true, webauthn:virtualAuthenticators: true}
Session ID: 90d490c1b21831e21d8d72a615dd2bb3" type="org.openqa.selenium.ElementNotInteractableException">
      <![CDATA[org.openqa.selenium.ElementNotInteractableException: element not interactable
  (Session info: chrome=115.0.5790.110)
Build info: version: '3.141.0', revision: '2ecb7d9a', time: '2018-10-31T20:09:30'
System info: host: 'DESKTOP-LP', ip: '172.29.144.1', os.name: 'Windows 10', os.arch: 'amd64', os.version: '10.0', java.version: '20'
Driver info: org.openqa.selenium.chrome.ChromeDriver
Capabilities {acceptInsecureCerts: false, browserName: chrome, browserVersion: 115.0.5790.110, chrome: {chromedriverVersion: 114.0.5735.90 (386bc09e8f4f..., userDataDir: C:\Users\SNEHAL~1\AppData\L...}, goog:chromeOptions: {debuggerAddress: localhost:57803}, javascriptEnabled: true, networkConnectionEnabled: false, pageLoadStrategy: normal, platform: WINDOWS, platformName: WINDOWS, proxy: Proxy(), setWindowRect: true, strictFileInteractability: false, timeouts: {implicit: 0, pageLoad: 300000, script: 30000}, unhandledPromptBehavior: dismiss and notify, webauthn:extension:credBlob: true, webauthn:extension:largeBlob: true, webauthn:extension:minPinLength: true, webauthn:extension:prf: true, webauthn:virtualAuthenticators: true}
Session ID: 90d490c1b21831e21d8d72a615dd2bb3
at java.base/jdk.internal.reflect.DirectConstructorHandleAccessor.newInstance(DirectConstructorHandleAccessor.java:67)
at java.base/java.lang.reflect.Constructor.newInstanceWithCaller(Constructor.java:500)
at java.base/java.lang.reflect.Constructor.newInstance(Constructor.java:484)
at org.openqa.selenium.remote.http.W3CHttpResponseCodec.createException(W3CHttpResponseCodec.java:187)
at org.openqa.selenium.remote.http.W3CHttpResponseCodec.decode(W3CHttpResponseCodec.java:122)
at org.openqa.selenium.remote.http.W3CHttpResponseCodec.decode(W3CHttpResponseCodec.java:49)
at org.openqa.selenium.remote.HttpCommandExecutor.execute(HttpCommandExecutor.java:158)
at org.openqa.selenium.remote.service.DriverCommandExecutor.execute(DriverCommandExecutor.java:83)
at org.openqa.selenium.remote.RemoteWebDriver.execute(RemoteWebDriver.java:552)
at org.openqa.selenium.remote.RemoteWebElement.execute(RemoteWebElement.java:285)
at org.openqa.selenium.remote.RemoteWebElement.click(RemoteWebElement.java:84)
at CompnaySecretory.EntityMasterMethod.ShareHoldingDeatils(EntityMasterMethod.java:8625)
at CompanySecretoryTest.EntityTestCases.AddShareHoldingDetailes(EntityTestCases.java:2137)
at java.base/jdk.internal.reflect.DirectMethodHandleAccessor.invoke(DirectMethodHandleAccessor.java:104)
at java.base/java.lang.reflect.Method.invoke(Method.java:578)
at org.testng.internal.invokers.MethodInvocationHelper.invokeMethod(MethodInvocationHelper.java:139)
at org.testng.internal.invokers.TestInvoker.invokeMethod(TestInvoker.java:677)
at org.testng.internal.invokers.TestInvoker.invokeTestMethod(TestInvoker.java:221)
at org.testng.internal.invokers.MethodRunner.runInSequence(MethodRunner.java:50)
at org.testng.internal.invokers.TestInvoker$MethodInvocationAgent.invoke(TestInvoker.java:962)
at org.testng.internal.invokers.TestInvoker.invokeTestMethods(TestInvoker.java:194)
at org.testng.internal.invokers.TestMethodWorker.invokeTestMethods(TestMethodWorker.java:148)
at org.testng.internal.invokers.TestMethodWorker.run(TestMethodWorker.java:128)
at java.base/java.util.ArrayList.forEach(ArrayList.java:1511)
at org.testng.TestRunner.privateRun(TestRunner.java:806)
at org.testng.TestRunner.run(TestRunner.java:601)
at org.testng.SuiteRunner.runTest(SuiteRunner.java:433)
at org.testng.SuiteRunner.runSequentially(SuiteRunner.java:427)
at org.testng.SuiteRunner.privateRun(SuiteRunner.java:387)
at org.testng.SuiteRunner.run(SuiteRunner.java:330)
at org.testng.SuiteRunnerWorker.runSuite(SuiteRunnerWorker.java:52)
at org.testng.SuiteRunnerWorker.run(SuiteRunnerWorker.java:95)
at org.testng.TestNG.runSuitesSequentially(TestNG.java:1256)
at org.testng.TestNG.runSuitesLocally(TestNG.java:1176)
at org.testng.TestNG.runSuites(TestNG.java:1099)
at org.testng.TestNG.run(TestNG.java:1067)
at org.testng.remote.AbstractRemoteTestNG.run(AbstractRemoteTestNG.java:115)
at org.testng.remote.RemoteTestNG.initAndRun(RemoteTestNG.java:251)
at org.testng.remote.RemoteTestNG.main(RemoteTestNG.java:77)
]]>
    </error>
  </testcase> <!-- AddShareHoldingDetailes -->
  <system-out/>
  <testcase classname="CompanySecretoryTest.EntityTestCases" name="EnterInvaliddataFoliooftransferor" time="116.012"/>
  <system-out/>
  <testcase classname="CompanySecretoryTest.EntityTestCases" name="WithoutEnterDataInSahreHoldingDetailes" time="52.364">
    <error message="element not interactable
  (Session info: chrome=115.0.5790.110)
Build info: version: &#039;3.141.0&#039;, revision: &#039;2ecb7d9a&#039;, time: &#039;2018-10-31T20:09:30&#039;
System info: host: &#039;DESKTOP-LP&#039;, ip: &#039;172.29.144.1&#039;, os.name: &#039;Windows 10&#039;, os.arch: &#039;amd64&#039;, os.version: &#039;10.0&#039;, java.version: &#039;20&#039;
Driver info: org.openqa.selenium.chrome.ChromeDriver
Capabilities {acceptInsecureCerts: false, browserName: chrome, browserVersion: 115.0.5790.110, chrome: {chromedriverVersion: 114.0.5735.90 (386bc09e8f4f..., userDataDir: C:\Users\SNEHAL~1\AppData\L...}, goog:chromeOptions: {debuggerAddress: localhost:58288}, javascriptEnabled: true, networkConnectionEnabled: false, pageLoadStrategy: normal, platform: WINDOWS, platformName: WINDOWS, proxy: Proxy(), setWindowRect: true, strictFileInteractability: false, timeouts: {implicit: 0, pageLoad: 300000, script: 30000}, unhandledPromptBehavior: dismiss and notify, webauthn:extension:credBlob: true, webauthn:extension:largeBlob: true, webauthn:extension:minPinLength: true, webauthn:extension:prf: true, webauthn:virtualAuthenticators: true}
Session ID: 0f34e2f669c6b00e6391267664a6a3c4" type="org.openqa.selenium.ElementNotInteractableException">
      <![CDATA[org.openqa.selenium.ElementNotInteractableException: element not interactable
  (Session info: chrome=115.0.5790.110)
Build info: version: '3.141.0', revision: '2ecb7d9a', time: '2018-10-31T20:09:30'
System info: host: 'DESKTOP-LP', ip: '172.29.144.1', os.name: 'Windows 10', os.arch: 'amd64', os.version: '10.0', java.version: '20'
Driver info: org.openqa.selenium.chrome.ChromeDriver
Capabilities {acceptInsecureCerts: false, browserName: chrome, browserVersion: 115.0.5790.110, chrome: {chromedriverVersion: 114.0.5735.90 (386bc09e8f4f..., userDataDir: C:\Users\SNEHAL~1\AppData\L...}, goog:chromeOptions: {debuggerAddress: localhost:58288}, javascriptEnabled: true, networkConnectionEnabled: false, pageLoadStrategy: normal, platform: WINDOWS, platformName: WINDOWS, proxy: Proxy(), setWindowRect: true, strictFileInteractability: false, timeouts: {implicit: 0, pageLoad: 300000, script: 30000}, unhandledPromptBehavior: dismiss and notify, webauthn:extension:credBlob: true, webauthn:extension:largeBlob: true, webauthn:extension:minPinLength: true, webauthn:extension:prf: true, webauthn:virtualAuthenticators: true}
Session ID: 0f34e2f669c6b00e6391267664a6a3c4
at java.base/jdk.internal.reflect.DirectConstructorHandleAccessor.newInstance(DirectConstructorHandleAccessor.java:67)
at java.base/java.lang.reflect.Constructor.newInstanceWithCaller(Constructor.java:500)
at java.base/java.lang.reflect.Constructor.newInstance(Constructor.java:484)
at org.openqa.selenium.remote.http.W3CHttpResponseCodec.createException(W3CHttpResponseCodec.java:187)
at org.openqa.selenium.remote.http.W3CHttpResponseCodec.decode(W3CHttpResponseCodec.java:122)
at org.openqa.selenium.remote.http.W3CHttpResponseCodec.decode(W3CHttpResponseCodec.java:49)
at org.openqa.selenium.remote.HttpCommandExecutor.execute(HttpCommandExecutor.java:158)
at org.openqa.selenium.remote.service.DriverCommandExecutor.execute(DriverCommandExecutor.java:83)
at org.openqa.selenium.remote.RemoteWebDriver.execute(RemoteWebDriver.java:552)
at org.openqa.selenium.remote.RemoteWebElement.execute(RemoteWebElement.java:285)
at org.openqa.selenium.remote.RemoteWebElement.click(RemoteWebElement.java:84)
at CompnaySecretory.EntityMasterMethod.WithoutEnterDataInSahreHoldingDetailes(EntityMasterMethod.java:8804)
at CompanySecretoryTest.EntityTestCases.WithoutEnterDataInSahreHoldingDetailes(EntityTestCases.java:2159)
at java.base/jdk.internal.reflect.DirectMethodHandleAccessor.invoke(DirectMethodHandleAccessor.java:104)
at java.base/java.lang.reflect.Method.invoke(Method.java:578)
at org.testng.internal.invokers.MethodInvocationHelper.invokeMethod(MethodInvocationHelper.java:139)
at org.testng.internal.invokers.TestInvoker.invokeMethod(TestInvoker.java:677)
at org.testng.internal.invokers.TestInvoker.invokeTestMethod(TestInvoker.java:221)
at org.testng.internal.invokers.MethodRunner.runInSequence(MethodRunner.java:50)
at org.testng.internal.invokers.TestInvoker$MethodInvocationAgent.invoke(TestInvoker.java:962)
at org.testng.internal.invokers.TestInvoker.invokeTestMethods(TestInvoker.java:194)
at org.testng.internal.invokers.TestMethodWorker.invokeTestMethods(TestMethodWorker.java:148)
at org.testng.internal.invokers.TestMethodWorker.run(TestMethodWorker.java:128)
at java.base/java.util.ArrayList.forEach(ArrayList.java:1511)
at org.testng.TestRunner.privateRun(TestRunner.java:806)
at org.testng.TestRunner.run(TestRunner.java:601)
at org.testng.SuiteRunner.runTest(SuiteRunner.java:433)
at org.testng.SuiteRunner.runSequentially(SuiteRunner.java:427)
at org.testng.SuiteRunner.privateRun(SuiteRunner.java:387)
at org.testng.SuiteRunner.run(SuiteRunner.java:330)
at org.testng.SuiteRunnerWorker.runSuite(SuiteRunnerWorker.java:52)
at org.testng.SuiteRunnerWorker.run(SuiteRunnerWorker.java:95)
at org.testng.TestNG.runSuitesSequentially(TestNG.java:1256)
at org.testng.TestNG.runSuitesLocally(TestNG.java:1176)
at org.testng.TestNG.runSuites(TestNG.java:1099)
at org.testng.TestNG.run(TestNG.java:1067)
at org.testng.remote.AbstractRemoteTestNG.run(AbstractRemoteTestNG.java:115)
at org.testng.remote.RemoteTestNG.initAndRun(RemoteTestNG.java:251)
at org.testng.remote.RemoteTestNG.main(RemoteTestNG.java:77)
]]>
    </error>
  </testcase> <!-- WithoutEnterDataInSahreHoldingDetailes -->
  <system-out/>
  <testcase classname="CompanySecretoryTest.EntityTestCases" name="CloseBtnSahreHoldingDetailes" time="63.960"/>
  <system-out/>
  <testcase classname="CompanySecretoryTest.EntityTestCases" name="UploadFileShareHoldingDetailes" time="72.110"/>
  <system-out/>
  <testcase classname="CompanySecretoryTest.EntityTestCases" name="UploadExistingFileShareHoldingDetailes" time="89.458"/>
  <system-out/>
  <testcase classname="CompanySecretoryTest.EntityTestCases" name="InvalidDataUploadFileShareHoldingDeatils" time="84.034"/>
  <system-out/>
  <testcase classname="CompanySecretoryTest.EntityTestCases" name="EmptyDataUploadshareHoldingDeatils" time="86.120"/>
  <system-out/>
  <testcase classname="CompanySecretoryTest.EntityTestCases" name="InvalidFileUploadShareHoldingDetailes" time="75.755"/>
  <system-out/>
  <testcase classname="CompanySecretoryTest.EntityTestCases" name="WithoutSelectingFileUploadShareHoldingDetailes" time="62.985"/>
  <system-out/>
  <testcase classname="CompanySecretoryTest.EntityTestCases" name="UploadFileSahreHolding" time="90.025"/>
  <system-out/>
  <testcase classname="CompanySecretoryTest.EntityTestCases" name="ExistingUploadFileSahreHolding" time="70.828"/>
  <system-out/>
  <testcase classname="CompanySecretoryTest.EntityTestCases" name="InvalidUploadShareHolding" time="58.554"/>
  <system-out/>
  <testcase classname="CompanySecretoryTest.EntityTestCases" name="EmptyFileUploadShareHolding" time="0.000">
    <skipped/>
  </testcase> <!-- EmptyFileUploadShareHolding -->
  <system-out/>
  <testcase classname="CompanySecretoryTest.EntityTestCases" name="InvalidFileUploadShareHolding" time="0.000">
    <skipped/>
  </testcase> <!-- InvalidFileUploadShareHolding -->
  <system-out/>
  <testcase classname="CompanySecretoryTest.EntityTestCases" name="WithoutSelectingFileUploadShareHolding" time="0.000">
    <skipped/>
  </testcase> <!-- WithoutSelectingFileUploadShareHolding -->
  <system-out/>
  <testcase classname="CompanySecretoryTest.EntityTestCases" name="ClickShareHoldingPattern" time="0.000">
    <skipped/>
  </testcase> <!-- ClickShareHoldingPattern -->
  <system-out/>
  <testcase classname="CompanySecretoryTest.EntityTestCases" name="AddCategoryMaster" time="0.000">
    <skipped/>
  </testcase> <!-- AddCategoryMaster -->
  <system-out/>
  <testcase classname="CompanySecretoryTest.EntityTestCases" name="UploadShareholdingCategoryMaster" time="0.000">
    <skipped/>
  </testcase> <!-- UploadShareholdingCategoryMaster -->
  <system-out/>
  <testcase classname="CompanySecretoryTest.EntityTestCases" name="EnterInvalidDataUploadShareholdingCategoryMaster" time="0.000">
    <skipped/>
  </testcase> <!-- EnterInvalidDataUploadShareholdingCategoryMaster -->
  <system-out/>
  <testcase classname="CompanySecretoryTest.EntityTestCases" name="EnterInvalidDateUploadShareholdingCategoryMaster" time="0.000">
    <skipped/>
  </testcase> <!-- EnterInvalidDateUploadShareholdingCategoryMaster -->
  <system-out/>
  <testcase classname="CompanySecretoryTest.EntityTestCases" name="EnterEmptyDataUploadShareholdingCategoryMaster" time="0.000">
    <skipped/>
  </testcase> <!-- EnterEmptyDataUploadShareholdingCategoryMaster -->
  <system-out/>
  <testcase classname="CompanySecretoryTest.EntityTestCases" name="InvalidUploadFileShareholdingCategoryMaster" time="0.000">
    <skipped/>
  </testcase> <!-- InvalidUploadFileShareholdingCategoryMaster -->
  <system-out/>
  <testcase classname="CompanySecretoryTest.EntityTestCases" name="WithoutUploadFileShareholdingCategoryMaster" time="0.000">
    <skipped/>
  </testcase> <!-- WithoutUploadFileShareholdingCategoryMaster -->
  <system-out/>
  <testcase classname="CompanySecretoryTest.EntityTestCases" name="ClickShareHoldingHistorical" time="0.000">
    <skipped/>
  </testcase> <!-- ClickShareHoldingHistorical -->
  <system-out/>
  <testcase classname="CompanySecretoryTest.EntityTestCases" name="EnterInvalidDateShareHoldingHistorical" time="0.000">
    <skipped/>
  </testcase> <!-- EnterInvalidDateShareHoldingHistorical -->
  <system-out/>
  <testcase classname="CompanySecretoryTest.EntityTestCases" name="EmptyDateShareHoldingHistorical" time="0.000">
    <skipped/>
  </testcase> <!-- EmptyDateShareHoldingHistorical -->
  <system-out/>
  <testcase classname="CompanySecretoryTest.EntityTestCases" name="ClearButtonShareHoldingHistorical" time="0.000">
    <skipped/>
  </testcase> <!-- ClearButtonShareHoldingHistorical -->
  <system-out/>
  <testcase classname="CompanySecretoryTest.EntityTestCases" name="ViewButtonShareHoldingHistorical" time="0.000">
    <skipped/>
  </testcase> <!-- ViewButtonShareHoldingHistorical -->
  <system-out/>
  <testcase classname="CompanySecretoryTest.EntityTestCases" name="DownloadButtonShareHoldingHistorical" time="0.000">
    <skipped/>
  </testcase> <!-- DownloadButtonShareHoldingHistorical -->
  <system-out/>
  <testcase classname="CompanySecretoryTest.EntityTestCases" name="EditBtnShareHolding" time="0.000">
    <skipped/>
  </testcase> <!-- EditBtnShareHolding -->
  <system-out/>
  <testcase classname="CompanySecretoryTest.EntityTestCases" name="UpdateShareHolding" time="0.001">
    <skipped/>
  </testcase> <!-- UpdateShareHolding -->
  <system-out/>
  <testcase classname="CompanySecretoryTest.EntityTestCases" name="EnterInvalidDataShareHolding" time="0.001">
    <skipped/>
  </testcase> <!-- EnterInvalidDataShareHolding -->
  <system-out/>
  <testcase classname="CompanySecretoryTest.EntityTestCases" name="CloseBtnShareHolding" time="0.000">
    <skipped/>
  </testcase> <!-- CloseBtnShareHolding -->
  <system-out/>
  <testcase classname="CompanySecretoryTest.EntityTestCases" name="DeleteYesShareHolding" time="0.000">
    <skipped/>
  </testcase> <!-- DeleteYesShareHolding -->
  <system-out/>
  <testcase classname="CompanySecretoryTest.EntityTestCases" name="DeleteNoIconShareHolding" time="0.000">
    <skipped/>
  </testcase> <!-- DeleteNoIconShareHolding -->
  <system-out/>
  <testcase classname="CompanySecretoryTest.EntityTestCases" name="ClickShareCertificateBtn" time="0.000">
    <skipped/>
  </testcase> <!-- ClickShareCertificateBtn -->
  <system-out/>
  <testcase classname="CompanySecretoryTest.EntityTestCases" name="WithoutEnteringDataShareCertificate" time="0.000">
    <skipped/>
  </testcase> <!-- WithoutEnteringDataShareCertificate -->
  <system-out/>
  <testcase classname="CompanySecretoryTest.EntityTestCases" name="AddShareCertificate" time="0.000">
    <skipped/>
  </testcase> <!-- AddShareCertificate -->
  <system-out/>
  <testcase classname="CompanySecretoryTest.EntityTestCases" name="ViewShareCertificate" time="0.000">
    <skipped/>
  </testcase> <!-- ViewShareCertificate -->
  <system-out/>
  <testcase classname="CompanySecretoryTest.EntityTestCases" name="DownloadShareCertificate" time="0.000">
    <skipped/>
  </testcase> <!-- DownloadShareCertificate -->
  <system-out/>
  <testcase classname="CompanySecretoryTest.EntityTestCases" name="DownloadShareCertificateAfterSaving" time="0.000">
    <skipped/>
  </testcase> <!-- DownloadShareCertificateAfterSaving -->
  <system-out/>
  <testcase classname="CompanySecretoryTest.EntityTestCases" name="Managementpersonnel" time="0.000">
    <skipped/>
  </testcase> <!-- Managementpersonnel -->
  <system-out/>
  <testcase classname="CompanySecretoryTest.EntityTestCases" name="ManagementpersonnelExportToPDF" time="0.000">
    <skipped/>
  </testcase> <!-- ManagementpersonnelExportToPDF -->
  <system-out/>
  <testcase classname="CompanySecretoryTest.EntityTestCases" name="ClickCommitte" time="0.000">
    <skipped/>
  </testcase> <!-- ClickCommitte -->
  <system-out/>
  <testcase classname="CompanySecretoryTest.EntityTestCases" name="ClickCloseBtnOfCommitte" time="0.000">
    <skipped/>
  </testcase> <!-- ClickCloseBtnOfCommitte -->
  <system-out/>
  <testcase classname="CompanySecretoryTest.EntityTestCases" name="ClickCommitteeMatrix" time="0.000">
    <skipped/>
  </testcase> <!-- ClickCommitteeMatrix -->
  <system-out/>
</testsuite> <!-- CompanySecretoryTest.EntityTestCases -->
