<?xml version="1.0" encoding="UTF-8"?>
<!-- Generated by org.testng.reporters.JUnitReportReporter -->
<testsuite hostname="TRPL-PUN-0115" failures="0" tests="1" name="CompanySecretoryTest.MasterTestCases" time="16.963" errors="0" timestamp="2025-04-25T17:12:23 IST" skipped="0">
  <testcase classname="CompanySecretoryTest.MasterTestCases" name="SelectFontConfiguration" time="16.963"/>
</testsuite> <!-- CompanySecretoryTest.MasterTestCases -->
