<?xml version="1.0" encoding="UTF-8"?>
<!-- Generated by org.testng.reporters.JUnitReportReporter -->
<testsuite hostname="DESKTOP-7MK4EF7" failures="0" tests="1" name="secretrialTestCase.MyReportsTest" time="43.071" errors="0" timestamp="2023-09-06T12:26:49 IST" skipped="0">
  <testcase classname="secretrialTestCase.MyReportsTest" name="CompanyAllClickDD" time="43.071"/>
  <system-out/>
</testsuite> <!-- secretrialTestCase.MyReportsTest -->
